<?xml version="1.0" encoding="UTF-8"?>
<!-- Generated by org.testng.reporters.JUnitReportReporter -->
<testsuite hostname="TYSS-Pavan" failures="0" tests="1" name="com.sales.pctraders.customer.TC_113_CreateCustomerTest" time="4.998" errors="0" timestamp="2022-12-20T13:53:11 IST" skipped="0">
  <testcase classname="com.sales.pctraders.customer.TC_113_CreateCustomerTest" name="createcustmer" time="4.998"/>
  <system-out/>
</testsuite> <!-- com.sales.pctraders.customer.TC_113_CreateCustomerTest -->
