<?xml version="1.0" encoding="UTF-8"?>
<!-- Generated by org.testng.reporters.JUnitReportReporter -->
<testsuite hostname="TYSS-Pavan" failures="0" tests="1" name="practice.LaUNCHbROWSER" time="0.017" errors="0" timestamp="2023-02-06T17:03:09 IST" skipped="0">
  <testcase classname="practice.LaUNCHbROWSER" name="test1" time="0.017"/>
  <system-out/>
</testsuite> <!-- practice.LaUNCHbROWSER -->
