<?xml version="1.0" encoding="UTF-8"?>
<!-- Generated by org.testng.reporters.JUnitReportReporter -->
<testsuite hostname="TYSS-Pavan" failures="0" tests="1" name="DDT.ReadDatafrom_Excel2" time="1.700" errors="0" timestamp="2022-12-13T16:47:02 IST" skipped="0">
  <testcase classname="DDT.ReadDatafrom_Excel2" name="readData_excel" time="1.700"/>
  <system-out/>
</testsuite> <!-- DDT.ReadDatafrom_Excel2 -->
