<?xml version="1.0" encoding="UTF-8"?>
<!-- Generated by org.testng.reporters.JUnitReportReporter -->
<testsuite hostname="TYSS-Pavan" failures="0" tests="1" name="com.sales.pctraders.customer.TC_113_CreateCustomerTest" time="0.648" errors="0" timestamp="2022-12-22T16:33:34 IST" skipped="0">
  <testcase classname="com.sales.pctraders.customer.TC_113_CreateCustomerTest" name="createcustmer" time="0.648"/>
  <system-out/>
</testsuite> <!-- com.sales.pctraders.customer.TC_113_CreateCustomerTest -->
