<?xml version="1.0" encoding="UTF-8"?>
<!-- Generated by org.testng.reporters.JUnitReportReporter -->
<testsuite hostname="TYSS-Pavan" failures="0" tests="1" name="DDT.ReadDataFromPropFile" time="0.025" errors="0" timestamp="2022-12-13T16:26:01 IST" skipped="0">
  <testcase classname="DDT.ReadDataFromPropFile" name="reaDatafromPropfile" time="0.025"/>
  <system-out/>
</testsuite> <!-- DDT.ReadDataFromPropFile -->
