<?xml version="1.0" encoding="UTF-8"?>
<!-- Generated by org.testng.reporters.JUnitReportReporter -->
<testsuite hostname="TYSS-Pavan" failures="0" tests="1" name="DDT.ReadDatafrom_Excel" time="1.611" errors="0" timestamp="2022-12-13T16:39:01 IST" skipped="0">
  <testcase classname="DDT.ReadDatafrom_Excel" name="readData_excel" time="1.611"/>
  <system-out/>
</testsuite> <!-- DDT.ReadDatafrom_Excel -->
