<?xml version="1.0" encoding="UTF-8"?>
<!-- Generated by org.testng.reporters.JUnitReportReporter -->
<testsuite hostname="TYSS-Pavan" failures="0" tests="1" name="com.sales.pctraders.customer.TC_113_CreateCustomerTest" time="11.814" errors="0" timestamp="2022-12-23T15:51:23 IST" skipped="0">
  <testcase classname="com.sales.pctraders.customer.TC_113_CreateCustomerTest" name="createcustmer" time="11.814"/>
  <system-out/>
</testsuite> <!-- com.sales.pctraders.customer.TC_113_CreateCustomerTest -->
