<?xml version="1.0" encoding="UTF-8"?>
<!-- Generated by org.testng.reporters.JUnitReportReporter -->
<testsuite hostname="TYSS-Pavan" failures="0" tests="1" name="DDT.WriteData_Excel" time="0.853" errors="0" timestamp="2022-12-13T17:16:06 IST" skipped="0">
  <testcase classname="DDT.WriteData_Excel" name="writeDatainExcelsheet" time="0.853"/>
  <system-out/>
</testsuite> <!-- DDT.WriteData_Excel -->
