<?xml version="1.0" encoding="UTF-8"?>
<!-- Generated by org.testng.reporters.JUnitReportReporter -->
<testsuite hostname="TYSS-Pavan" failures="0" tests="1" name="com.sales.pctraders.customer.TC_114_CreateSupplierTest" time="17.329" errors="0" timestamp="2022-12-23T16:11:13 IST" skipped="0">
  <testcase classname="com.sales.pctraders.customer.TC_114_CreateSupplierTest" name="createcustmer" time="17.329"/>
  <system-out/>
</testsuite> <!-- com.sales.pctraders.customer.TC_114_CreateSupplierTest -->
