<?xml version="1.0" encoding="UTF-8"?>
<!-- Generated by org.testng.reporters.JUnitReportReporter -->
<testsuite hostname="TYSS-Pavan" failures="0" tests="3" name="practice.DataProvider_1" time="0.008" errors="0" timestamp="2023-02-16T12:57:56 IST" skipped="0">
  <testcase classname="practice.DataProvider_1" name="dataproviver" time="0.001"/>
  <system-out/>
  <testcase classname="practice.DataProvider_1" name="dataproviver" time="0.000"/>
  <system-out/>
  <testcase classname="practice.DataProvider_1" name="dataproviver" time="0.007"/>
  <system-out/>
</testsuite> <!-- practice.DataProvider_1 -->
