<?xml version="1.0" encoding="UTF-8"?>
<!-- Generated by org.testng.reporters.JUnitReportReporter -->
<testsuite hostname="TYSS-Pavan" failures="0" tests="1" name="practice.Demo" time="9.850" errors="0" timestamp="2022-12-13T12:47:42 IST" skipped="0">
  <testcase classname="practice.Demo" name="launchbrowser" time="9.850"/>
  <system-out/>
</testsuite> <!-- practice.Demo -->
