<?xml version="1.0" encoding="UTF-8"?>
<!-- Generated by org.testng.reporters.JUnitReportReporter -->
<testsuite hostname="TYSS-Pavan" failures="0" tests="1" name="DDT.ReadDatafrom_Excel3" time="1.532" errors="0" timestamp="2022-12-13T16:56:50 IST" skipped="0">
  <testcase classname="DDT.ReadDatafrom_Excel3" name="readData_excel" time="1.532"/>
  <system-out/>
</testsuite> <!-- DDT.ReadDatafrom_Excel3 -->
